[2025-03-19T21:08:41.657+0000] {taskinstance.py:1157} INFO - Dependencies all met for dep_context=non-requeueable deps ti=<TaskInstance: faud_detection_pipeline.populate_blacklist scheduled__2023-10-20T02:00:00+00:00 [queued]>
[2025-03-19T21:08:41.721+0000] {taskinstance.py:1157} INFO - Dependencies all met for dep_context=requeueable deps ti=<TaskInstance: faud_detection_pipeline.populate_blacklist scheduled__2023-10-20T02:00:00+00:00 [queued]>
[2025-03-19T21:08:41.722+0000] {taskinstance.py:1359} INFO - Starting attempt 1 of 1
[2025-03-19T21:08:41.791+0000] {taskinstance.py:1380} INFO - Executing <Task(PythonOperator): populate_blacklist> on 2023-10-20 02:00:00+00:00
[2025-03-19T21:08:41.806+0000] {standard_task_runner.py:57} INFO - Started process 2352 to run task
[2025-03-19T21:08:41.814+0000] {standard_task_runner.py:84} INFO - Running: ['***', 'tasks', 'run', 'faud_detection_pipeline', 'populate_blacklist', 'scheduled__2023-10-20T02:00:00+00:00', '--job-id', '3027', '--raw', '--subdir', 'DAGS_FOLDER/dag_1.py', '--cfg-path', '/tmp/tmpxrh30awj']
[2025-03-19T21:08:41.829+0000] {standard_task_runner.py:85} INFO - Job 3027: Subtask populate_blacklist
[2025-03-19T21:08:42.201+0000] {task_command.py:415} INFO - Running <TaskInstance: faud_detection_pipeline.populate_blacklist scheduled__2023-10-20T02:00:00+00:00 [running]> on host 445fc0f18383
[2025-03-19T21:08:42.517+0000] {taskinstance.py:1660} INFO - Exporting env vars: AIRFLOW_CTX_DAG_OWNER='***' AIRFLOW_CTX_DAG_ID='faud_detection_pipeline' AIRFLOW_CTX_TASK_ID='populate_blacklist' AIRFLOW_CTX_EXECUTION_DATE='2023-10-20T02:00:00+00:00' AIRFLOW_CTX_TRY_NUMBER='1' AIRFLOW_CTX_DAG_RUN_ID='scheduled__2023-10-20T02:00:00+00:00'
[2025-03-19T21:08:42.521+0000] {dag_1.py:118} INFO - Fetching blacklist data from API...
[2025-03-19T21:08:42.544+0000] {dag_1.py:120} INFO - API Response: <!doctype html>
<html lang=en>
<title>404 Not Found</title>
<h1>Not Found</h1>
<p>The requested URL was not found on the server. If you entered the URL manually please check your spelling and try again.</p>

[2025-03-19T21:08:42.545+0000] {dag_1.py:126} ERROR - Failed to parse JSON: Expecting value: line 1 column 1 (char 0)
[2025-03-19T21:08:42.546+0000] {taskinstance.py:1935} ERROR - Task failed with exception
Traceback (most recent call last):
  File "/home/airflow/.local/lib/python3.8/site-packages/requests/models.py", line 971, in json
    return complexjson.loads(self.text, **kwargs)
  File "/usr/local/lib/python3.8/json/__init__.py", line 357, in loads
    return _default_decoder.decode(s)
  File "/usr/local/lib/python3.8/json/decoder.py", line 337, in decode
    obj, end = self.raw_decode(s, idx=_w(s, 0).end())
  File "/usr/local/lib/python3.8/json/decoder.py", line 355, in raw_decode
    raise JSONDecodeError("Expecting value", s, err.value) from None
json.decoder.JSONDecodeError: Expecting value: line 1 column 1 (char 0)

During handling of the above exception, another exception occurred:

Traceback (most recent call last):
  File "/home/airflow/.local/lib/python3.8/site-packages/airflow/operators/python.py", line 192, in execute
    return_value = self.execute_callable()
  File "/home/airflow/.local/lib/python3.8/site-packages/airflow/operators/python.py", line 209, in execute_callable
    return self.python_callable(*self.op_args, **self.op_kwargs)
  File "/opt/airflow/dags/dag_1.py", line 123, in populate_blacklist
    blacklist_data = response.json()  # Parse the response as JSON
  File "/home/airflow/.local/lib/python3.8/site-packages/requests/models.py", line 975, in json
    raise RequestsJSONDecodeError(e.msg, e.doc, e.pos)
requests.exceptions.JSONDecodeError: Expecting value: line 1 column 1 (char 0)
[2025-03-19T21:08:42.576+0000] {taskinstance.py:1398} INFO - Marking task as FAILED. dag_id=faud_detection_pipeline, task_id=populate_blacklist, execution_date=20231020T020000, start_date=20250319T210841, end_date=20250319T210842
[2025-03-19T21:08:42.611+0000] {standard_task_runner.py:104} ERROR - Failed to execute job 3027 for task populate_blacklist (Expecting value: line 1 column 1 (char 0); 2352)
[2025-03-19T21:08:42.660+0000] {local_task_job_runner.py:228} INFO - Task exited with return code 1
[2025-03-19T21:08:42.753+0000] {taskinstance.py:2776} INFO - 0 downstream tasks scheduled from follow-on schedule check
